[2026-06-11T19:06:30.723Z] [INFO] Logger initialized | Data: {"path":"c:\\Users\\Honor\\ecommerce_dashboard\\logs\\debug.log","reinit":true}
[2026-06-11T19:06:30.725Z] [INFO] IGCSE Pseudocode extension activation started | Data: {"isWeb":false,"contextPath":"c:\\Users\\Honor\\.vscode\\extensions\\igcse0478a-level9618toolkit.igcse-0478-and-a-level-9618-toolkit-2.0.2","workspaceRoot":"c:\\Users\\Honor\\ecommerce_dashboard","openTerminals":[]}
[2026-06-11T19:06:31.313Z] [DEBUG] [LicenseManager] No stored credentials but user previously skipped — not auto-opening
[2026-06-11T19:06:33.312Z] [INFO] IGCSE Pseudocode extension activation completed
[2026-06-11T20:55:44.244Z] [ERROR] [CLI 21820] Unhandled Rejection | Data: {"reason":{},"promise":{}}
[2026-06-11T20:55:44.252Z] [ERROR] [Extension Host] Unhandled Rejection | Data: {"reason":{},"promise":{}}
[2026-06-11T20:55:44.253Z] [ERROR] [CLI 21820] Unhandled Rejection | Data: {"reason":{"name":"Canceled"},"promise":{}}
[2026-06-11T20:55:44.254Z] [ERROR] [Extension Host] Unhandled Rejection | Data: {"reason":{"name":"Canceled"},"promise":{}}
[2026-06-11T20:55:44.255Z] [ERROR] [CLI 21820] Unhandled Rejection | Data: {"reason":{"name":"Canceled"},"promise":{}}
[2026-06-11T20:55:44.256Z] [ERROR] [Extension Host] Unhandled Rejection | Data: {"reason":{"name":"Canceled"},"promise":{}}
[2026-06-11T20:55:44.257Z] [ERROR] [CLI 21820] Unhandled Rejection | Data: {"reason":{"name":"Canceled"},"promise":{}}
[2026-06-11T20:55:44.259Z] [ERROR] [Extension Host] Unhandled Rejection | Data: {"reason":{"name":"Canceled"},"promise":{}}
[2026-06-11T20:55:44.260Z] [ERROR] [CLI 21820] Unhandled Rejection | Data: {"reason":{"name":"Canceled"},"promise":{}}
[2026-06-11T20:55:44.261Z] [ERROR] [Extension Host] Unhandled Rejection | Data: {"reason":{"name":"Canceled"},"promise":{}}
[2026-06-11T20:55:44.262Z] [ERROR] [CLI 21820] Unhandled Rejection | Data: {"reason":{},"promise":{}}
[2026-06-11T20:55:44.263Z] [ERROR] [Extension Host] Unhandled Rejection | Data: {"reason":{},"promise":{}}
[2026-06-11T20:55:44.263Z] [ERROR] [CLI 21820] Unhandled Rejection | Data: {"reason":{"name":"Canceled"},"promise":{}}
[2026-06-11T20:55:44.265Z] [ERROR] [Extension Host] Unhandled Rejection | Data: {"reason":{"name":"Canceled"},"promise":{}}
[2026-06-11T20:55:44.266Z] [ERROR] [CLI 21820] Unhandled Rejection | Data: {"reason":{"name":"Canceled"},"promise":{}}
[2026-06-11T20:55:44.267Z] [ERROR] [Extension Host] Unhandled Rejection | Data: {"reason":{"name":"Canceled"},"promise":{}}
[2026-06-11T20:55:44.268Z] [ERROR] [CLI 21820] Unhandled Rejection | Data: {"reason":{"name":"Canceled"},"promise":{}}
[2026-06-11T20:55:44.269Z] [ERROR] [Extension Host] Unhandled Rejection | Data: {"reason":{"name":"Canceled"},"promise":{}}
[2026-06-11T20:55:44.270Z] [ERROR] [CLI 21820] Unhandled Rejection | Data: {"reason":{"name":"Canceled"},"promise":{}}
[2026-06-11T20:55:44.271Z] [ERROR] [Extension Host] Unhandled Rejection | Data: {"reason":{"name":"Canceled"},"promise":{}}
[2026-06-11T20:55:44.272Z] [ERROR] [CLI 21820] Unhandled Rejection | Data: {"reason":{"name":"Canceled"},"promise":{}}
[2026-06-11T20:55:44.273Z] [ERROR] [Extension Host] Unhandled Rejection | Data: {"reason":{"name":"Canceled"},"promise":{}}
[2026-06-11T20:55:44.274Z] [ERROR] [CLI 21820] Unhandled Rejection | Data: {"reason":{"name":"Canceled"},"promise":{}}
[2026-06-11T20:55:44.275Z] [ERROR] [Extension Host] Unhandled Rejection | Data: {"reason":{"name":"Canceled"},"promise":{}}
[2026-06-11T20:55:44.276Z] [ERROR] [CLI 21820] Unhandled Rejection | Data: {"reason":{"name":"Canceled"},"promise":{}}
[2026-06-11T20:55:44.278Z] [ERROR] [Extension Host] Unhandled Rejection | Data: {"reason":{"name":"Canceled"},"promise":{}}
[2026-06-11T20:55:44.278Z] [ERROR] [CLI 21820] Unhandled Rejection | Data: {"reason":{"name":"Canceled"},"promise":{}}
[2026-06-11T20:55:44.280Z] [ERROR] [Extension Host] Unhandled Rejection | Data: {"reason":{"name":"Canceled"},"promise":{}}
[2026-06-11T20:55:44.281Z] [ERROR] [CLI 21820] Unhandled Rejection | Data: {"reason":{"name":"Canceled"},"promise":{}}
[2026-06-11T20:55:44.283Z] [ERROR] [Extension Host] Unhandled Rejection | Data: {"reason":{"name":"Canceled"},"promise":{}}
[2026-06-11T20:55:44.283Z] [ERROR] [CLI 21820] Unhandled Rejection | Data: {"reason":{"name":"Canceled"},"promise":{}}
[2026-06-11T20:55:44.285Z] [ERROR] [Extension Host] Unhandled Rejection | Data: {"reason":{"name":"Canceled"},"promise":{}}
[2026-06-11T20:55:44.285Z] [ERROR] [CLI 21820] Unhandled Rejection | Data: {"reason":{"name":"Canceled"},"promise":{}}
[2026-06-11T20:55:44.287Z] [ERROR] [Extension Host] Unhandled Rejection | Data: {"reason":{"name":"Canceled"},"promise":{}}
[2026-06-11T20:55:44.288Z] [ERROR] [CLI 21820] Unhandled Rejection | Data: {"reason":{"name":"Canceled"},"promise":{}}
[2026-06-11T20:55:44.289Z] [ERROR] [Extension Host] Unhandled Rejection | Data: {"reason":{"name":"Canceled"},"promise":{}}
[2026-06-11T20:55:44.289Z] [ERROR] [CLI 21820] Unhandled Rejection | Data: {"reason":{"name":"Canceled"},"promise":{}}
[2026-06-11T20:55:44.291Z] [ERROR] [Extension Host] Unhandled Rejection | Data: {"reason":{"name":"Canceled"},"promise":{}}
[2026-06-11T20:55:44.292Z] [ERROR] [CLI 21820] Unhandled Rejection | Data: {"reason":{"name":"Canceled"},"promise":{}}
[2026-06-11T20:55:44.293Z] [ERROR] [Extension Host] Unhandled Rejection | Data: {"reason":{"name":"Canceled"},"promise":{}}
[2026-06-11T20:55:44.294Z] [ERROR] [CLI 21820] Unhandled Rejection | Data: {"reason":{"name":"Canceled"},"promise":{}}
[2026-06-11T20:55:44.295Z] [ERROR] [Extension Host] Unhandled Rejection | Data: {"reason":{"name":"Canceled"},"promise":{}}
[2026-06-11T20:55:44.296Z] [ERROR] [CLI 21820] Unhandled Rejection | Data: {"reason":{"name":"Canceled"},"promise":{}}
[2026-06-11T20:55:44.297Z] [ERROR] [Extension Host] Unhandled Rejection | Data: {"reason":{"name":"Canceled"},"promise":{}}
[2026-06-11T20:55:44.298Z] [ERROR] [CLI 21820] Unhandled Rejection | Data: {"reason":{"name":"Canceled"},"promise":{}}
[2026-06-11T20:55:44.299Z] [ERROR] [Extension Host] Unhandled Rejection | Data: {"reason":{"name":"Canceled"},"promise":{}}
[2026-06-11T20:55:44.300Z] [ERROR] [CLI 21820] Unhandled Rejection | Data: {"reason":{"name":"Canceled"},"promise":{}}
[2026-06-11T20:55:44.301Z] [ERROR] [Extension Host] Unhandled Rejection | Data: {"reason":{"name":"Canceled"},"promise":{}}
[2026-06-11T20:55:44.301Z] [ERROR] [CLI 21820] Unhandled Rejection | Data: {"reason":{"name":"Canceled"},"promise":{}}
[2026-06-11T20:55:44.303Z] [ERROR] [Extension Host] Unhandled Rejection | Data: {"reason":{"name":"Canceled"},"promise":{}}
[2026-06-11T20:55:44.304Z] [ERROR] [CLI 21820] Unhandled Rejection | Data: {"reason":{"name":"Canceled"},"promise":{}}
[2026-06-11T20:55:44.305Z] [ERROR] [Extension Host] Unhandled Rejection | Data: {"reason":{"name":"Canceled"},"promise":{}}
[2026-06-11T20:55:44.305Z] [ERROR] [CLI 21820] Unhandled Rejection | Data: {"reason":{"name":"Canceled"},"promise":{}}
[2026-06-11T20:55:44.306Z] [ERROR] [Extension Host] Unhandled Rejection | Data: {"reason":{"name":"Canceled"},"promise":{}}
[2026-06-11T20:55:44.306Z] [ERROR] [CLI 21820] Unhandled Rejection | Data: {"reason":{"name":"Canceled"},"promise":{}}
[2026-06-11T20:55:44.307Z] [ERROR] [Extension Host] Unhandled Rejection | Data: {"reason":{"name":"Canceled"},"promise":{}}
[2026-06-11T20:55:44.538Z] [ERROR] [CLI 21820] Unhandled Rejection | Data: {"reason":{"name":"Canceled"},"promise":{}}
[2026-06-11T20:55:44.555Z] [ERROR] [Extension Host] Unhandled Rejection | Data: {"reason":{"name":"Canceled"},"promise":{}}
[2026-06-11T20:55:44.557Z] [ERROR] [CLI 21820] Unhandled Rejection | Data: {"reason":{"name":"Canceled"},"promise":{}}
[2026-06-11T20:55:44.558Z] [ERROR] [Extension Host] Unhandled Rejection | Data: {"reason":{"name":"Canceled"},"promise":{}}
[2026-06-11T20:55:44.597Z] [ERROR] [CLI 21820] Unhandled Rejection | Data: {"reason":{"name":"Canceled"},"promise":{}}
[2026-06-11T20:55:44.697Z] [ERROR] [Extension Host] Unhandled Rejection | Data: {"reason":{"name":"Canceled"},"promise":{}}
[2026-06-11T20:55:44.717Z] [ERROR] [CLI 21820] Uncaught Exception | Data: {"message":"Channel has been closed","stack":"Error: Channel has been closed\n\tat r (file:///c:/Users/Honor/AppData/Local/Programs/Microsoft%20VS%20Code/1b50d58d73/resources/app/out/vs/workbench/api/node/extensionHostProcess.js:541:3935)\n\tat Object.info (file:///c:/Users/Honor/AppData/Local/Programs/Microsoft%20VS%20Code/1b50d58d73/resources/app/out/vs/workbench/api/node/extensionHostProcess.js:541:4305)\n\tat QT.info (c:\\Users\\Honor\\AppData\\Local\\Programs\\Microsoft VS Code\\1b50d58d73\\resources\\app\\extensions\\json-language-features\\client\\dist\\node\\jsonClientMain.js:14:709)\n\tat ChildProcess.<anonymous> (c:\\Users\\Honor\\AppData\\Local\\Programs\\Microsoft VS Code\\1b50d58d73\\resources\\app\\extensions\\json-language-features\\client\\dist\\node\\jsonClientMain.js:19:48759)\n\tat ChildProcess.emit (node:events:509:28)\n\tat ChildProcess._handle.onexit (node:internal/child_process:295:12)\n\tat Process.callbackTrampoline (node:internal/async_hooks:130:17)"}
[2026-06-11T20:55:44.722Z] [ERROR] [Extension Host] Uncaught Exception | Data: {"message":"Channel has been closed","stack":"Error: Channel has been closed\n\tat r (file:///c:/Users/Honor/AppData/Local/Programs/Microsoft%20VS%20Code/1b50d58d73/resources/app/out/vs/workbench/api/node/extensionHostProcess.js:541:3935)\n\tat Object.info (file:///c:/Users/Honor/AppData/Local/Programs/Microsoft%20VS%20Code/1b50d58d73/resources/app/out/vs/workbench/api/node/extensionHostProcess.js:541:4305)\n\tat QT.info (c:\\Users\\Honor\\AppData\\Local\\Programs\\Microsoft VS Code\\1b50d58d73\\resources\\app\\extensions\\json-language-features\\client\\dist\\node\\jsonClientMain.js:14:709)\n\tat ChildProcess.<anonymous> (c:\\Users\\Honor\\AppData\\Local\\Programs\\Microsoft VS Code\\1b50d58d73\\resources\\app\\extensions\\json-language-features\\client\\dist\\node\\jsonClientMain.js:19:48759)\n\tat ChildProcess.emit (node:events:509:28)\n\tat ChildProcess._handle.onexit (node:internal/child_process:295:12)\n\tat Process.callbackTrampoline (node:internal/async_hooks:130:17)"}
[2026-06-11T20:55:44.787Z] [ERROR] [CLI 21820] Unhandled Rejection | Data: {"reason":{},"promise":{}}
[2026-06-11T20:55:44.791Z] [ERROR] [Extension Host] Unhandled Rejection | Data: {"reason":{},"promise":{}}
[2026-06-11T20:55:45.082Z] [ERROR] [CLI 21820] Unhandled Rejection | Data: {"reason":{"code":"ERR_STREAM_WRITE_AFTER_END"},"promise":{}}
[2026-06-11T20:55:45.084Z] [ERROR] [Extension Host] Unhandled Rejection | Data: {"reason":{"code":"ERR_STREAM_WRITE_AFTER_END"},"promise":{}}
[2026-06-11T20:55:45.205Z] [ERROR] [CLI 21820] Uncaught Exception | Data: {"message":"Channel has been closed","stack":"Error: Channel has been closed\n\tat r (file:///c:/Users/Honor/AppData/Local/Programs/Microsoft%20VS%20Code/1b50d58d73/resources/app/out/vs/workbench/api/node/extensionHostProcess.js:541:3935)\n\tat Object.info (file:///c:/Users/Honor/AppData/Local/Programs/Microsoft%20VS%20Code/1b50d58d73/resources/app/out/vs/workbench/api/node/extensionHostProcess.js:541:4305)\n\tat aS.info (c:\\Users\\Honor\\.vscode\\extensions\\ms-python.vscode-pylance-2026.2.1\\dist\\vendor.bundle.js:35:1054)\n\tat ChildProcess.<anonymous> (c:\\Users\\Honor\\.vscode\\extensions\\ms-python.vscode-pylance-2026.2.1\\dist\\vendor.bundle.js:40:98130)\n\tat ChildProcess.emit (node:events:509:28)\n\tat ChildProcess._handle.onexit (node:internal/child_process:295:12)\n\tat Process.callbackTrampoline (node:internal/async_hooks:130:17)"}
[2026-06-11T20:55:45.206Z] [ERROR] [Extension Host] Uncaught Exception | Data: {"message":"Channel has been closed","stack":"Error: Channel has been closed\n\tat r (file:///c:/Users/Honor/AppData/Local/Programs/Microsoft%20VS%20Code/1b50d58d73/resources/app/out/vs/workbench/api/node/extensionHostProcess.js:541:3935)\n\tat Object.info (file:///c:/Users/Honor/AppData/Local/Programs/Microsoft%20VS%20Code/1b50d58d73/resources/app/out/vs/workbench/api/node/extensionHostProcess.js:541:4305)\n\tat aS.info (c:\\Users\\Honor\\.vscode\\extensions\\ms-python.vscode-pylance-2026.2.1\\dist\\vendor.bundle.js:35:1054)\n\tat ChildProcess.<anonymous> (c:\\Users\\Honor\\.vscode\\extensions\\ms-python.vscode-pylance-2026.2.1\\dist\\vendor.bundle.js:40:98130)\n\tat ChildProcess.emit (node:events:509:28)\n\tat ChildProcess._handle.onexit (node:internal/child_process:295:12)\n\tat Process.callbackTrampoline (node:internal/async_hooks:130:17)"}
[2026-06-11T20:56:11.696Z] [INFO] Logger initialized | Data: {"path":"c:\\Users\\Honor\\ecommerce_dashboard\\logs\\debug.log","reinit":true}
[2026-06-11T20:56:11.697Z] [INFO] IGCSE Pseudocode extension activation started | Data: {"isWeb":false,"contextPath":"c:\\Users\\Honor\\.vscode\\extensions\\igcse0478a-level9618toolkit.igcse-0478-and-a-level-9618-toolkit-2.0.2","workspaceRoot":"c:\\Users\\Honor\\ecommerce_dashboard","openTerminals":[{"name":"powershell","state":{"isInteractedWith":true,"shell":"pwsh"}},{"name":"powershell","state":{"isInteractedWith":true,"shell":"pwsh"}}]}
[2026-06-11T20:56:12.387Z] [DEBUG] [LicenseManager] No stored credentials but user previously skipped — not auto-opening
[2026-06-11T20:56:14.824Z] [INFO] IGCSE Pseudocode extension activation completed
[2026-06-11T22:02:06.282Z] [ERROR] [CLI 3508] Unhandled Rejection | Data: {"reason":{},"promise":{}}
[2026-06-11T22:02:06.286Z] [ERROR] [Extension Host] Unhandled Rejection | Data: {"reason":{},"promise":{}}
[2026-06-11T22:02:06.290Z] [ERROR] [CLI 3508] Unhandled Rejection | Data: {"reason":{"name":"Canceled"},"promise":{}}
[2026-06-11T22:02:06.292Z] [ERROR] [Extension Host] Unhandled Rejection | Data: {"reason":{"name":"Canceled"},"promise":{}}
[2026-06-11T22:02:06.296Z] [ERROR] [CLI 3508] Unhandled Rejection | Data: {"reason":{"name":"Canceled"},"promise":{}}
[2026-06-11T22:02:06.298Z] [ERROR] [Extension Host] Unhandled Rejection | Data: {"reason":{"name":"Canceled"},"promise":{}}
[2026-06-11T22:02:06.362Z] [ERROR] [CLI 3508] Unhandled Rejection | Data: {"reason":{"name":"Canceled"},"promise":{}}
[2026-06-11T22:02:06.364Z] [ERROR] [Extension Host] Unhandled Rejection | Data: {"reason":{"name":"Canceled"},"promise":{}}
[2026-06-11T22:02:06.366Z] [ERROR] [CLI 3508] Unhandled Rejection | Data: {"reason":{"name":"Canceled"},"promise":{}}
[2026-06-11T22:02:06.367Z] [ERROR] [Extension Host] Unhandled Rejection | Data: {"reason":{"name":"Canceled"},"promise":{}}
[2026-06-11T22:02:06.370Z] [ERROR] [CLI 3508] Unhandled Rejection | Data: {"reason":{"name":"Canceled"},"promise":{}}
[2026-06-11T22:02:06.371Z] [ERROR] [Extension Host] Unhandled Rejection | Data: {"reason":{"name":"Canceled"},"promise":{}}
[2026-06-11T22:02:06.373Z] [ERROR] [CLI 3508] Unhandled Rejection | Data: {"reason":{},"promise":{}}
[2026-06-11T22:02:06.390Z] [ERROR] [Extension Host] Unhandled Rejection | Data: {"reason":{},"promise":{}}
[2026-06-11T22:02:06.414Z] [ERROR] [CLI 3508] Unhandled Rejection | Data: {"reason":{"name":"Canceled"},"promise":{}}
[2026-06-11T22:02:06.415Z] [ERROR] [Extension Host] Unhandled Rejection | Data: {"reason":{"name":"Canceled"},"promise":{}}
[2026-06-11T22:02:06.418Z] [ERROR] [CLI 3508] Unhandled Rejection | Data: {"reason":{"name":"Canceled"},"promise":{}}
[2026-06-11T22:02:06.419Z] [ERROR] [Extension Host] Unhandled Rejection | Data: {"reason":{"name":"Canceled"},"promise":{}}
[2026-06-11T22:02:06.421Z] [ERROR] [CLI 3508] Unhandled Rejection | Data: {"reason":{"name":"Canceled"},"promise":{}}
[2026-06-11T22:02:06.422Z] [ERROR] [Extension Host] Unhandled Rejection | Data: {"reason":{"name":"Canceled"},"promise":{}}
[2026-06-11T22:02:06.425Z] [ERROR] [CLI 3508] Unhandled Rejection | Data: {"reason":{"name":"Canceled"},"promise":{}}
[2026-06-11T22:02:06.426Z] [ERROR] [Extension Host] Unhandled Rejection | Data: {"reason":{"name":"Canceled"},"promise":{}}
[2026-06-11T22:02:06.429Z] [ERROR] [CLI 3508] Unhandled Rejection | Data: {"reason":{"name":"Canceled"},"promise":{}}
[2026-06-11T22:02:06.430Z] [ERROR] [Extension Host] Unhandled Rejection | Data: {"reason":{"name":"Canceled"},"promise":{}}
[2026-06-11T22:02:06.432Z] [ERROR] [CLI 3508] Unhandled Rejection | Data: {"reason":{"name":"Canceled"},"promise":{}}
[2026-06-11T22:02:06.433Z] [ERROR] [Extension Host] Unhandled Rejection | Data: {"reason":{"name":"Canceled"},"promise":{}}
[2026-06-11T22:02:06.435Z] [ERROR] [CLI 3508] Unhandled Rejection | Data: {"reason":{"name":"Canceled"},"promise":{}}
[2026-06-11T22:02:06.436Z] [ERROR] [Extension Host] Unhandled Rejection | Data: {"reason":{"name":"Canceled"},"promise":{}}
[2026-06-11T22:02:06.437Z] [ERROR] [CLI 3508] Unhandled Rejection | Data: {"reason":{"name":"Canceled"},"promise":{}}
[2026-06-11T22:02:06.438Z] [ERROR] [Extension Host] Unhandled Rejection | Data: {"reason":{"name":"Canceled"},"promise":{}}
[2026-06-11T22:02:06.441Z] [ERROR] [CLI 3508] Unhandled Rejection | Data: {"reason":{"name":"Canceled"},"promise":{}}
[2026-06-11T22:02:06.442Z] [ERROR] [Extension Host] Unhandled Rejection | Data: {"reason":{"name":"Canceled"},"promise":{}}
[2026-06-11T22:02:06.444Z] [ERROR] [CLI 3508] Unhandled Rejection | Data: {"reason":{"name":"Canceled"},"promise":{}}
[2026-06-11T22:02:06.445Z] [ERROR] [Extension Host] Unhandled Rejection | Data: {"reason":{"name":"Canceled"},"promise":{}}
[2026-06-11T22:02:06.447Z] [ERROR] [CLI 3508] Unhandled Rejection | Data: {"reason":{"name":"Canceled"},"promise":{}}
[2026-06-11T22:02:06.448Z] [ERROR] [Extension Host] Unhandled Rejection | Data: {"reason":{"name":"Canceled"},"promise":{}}
[2026-06-11T22:02:06.450Z] [ERROR] [CLI 3508] Unhandled Rejection | Data: {"reason":{"name":"Canceled"},"promise":{}}
[2026-06-11T22:02:06.451Z] [ERROR] [Extension Host] Unhandled Rejection | Data: {"reason":{"name":"Canceled"},"promise":{}}
[2026-06-11T22:02:06.453Z] [ERROR] [CLI 3508] Unhandled Rejection | Data: {"reason":{"name":"Canceled"},"promise":{}}
[2026-06-11T22:02:06.454Z] [ERROR] [Extension Host] Unhandled Rejection | Data: {"reason":{"name":"Canceled"},"promise":{}}
[2026-06-11T22:02:06.456Z] [ERROR] [CLI 3508] Unhandled Rejection | Data: {"reason":{"name":"Canceled"},"promise":{}}
[2026-06-11T22:02:06.458Z] [ERROR] [Extension Host] Unhandled Rejection | Data: {"reason":{"name":"Canceled"},"promise":{}}
[2026-06-11T22:02:06.461Z] [ERROR] [CLI 3508] Unhandled Rejection | Data: {"reason":{"name":"Canceled"},"promise":{}}
[2026-06-11T22:02:06.462Z] [ERROR] [Extension Host] Unhandled Rejection | Data: {"reason":{"name":"Canceled"},"promise":{}}
[2026-06-11T22:02:06.464Z] [ERROR] [CLI 3508] Unhandled Rejection | Data: {"reason":{"name":"Canceled"},"promise":{}}
[2026-06-11T22:02:06.466Z] [ERROR] [Extension Host] Unhandled Rejection | Data: {"reason":{"name":"Canceled"},"promise":{}}
[2026-06-11T22:02:06.468Z] [ERROR] [CLI 3508] Unhandled Rejection | Data: {"reason":{"name":"Canceled"},"promise":{}}
[2026-06-11T22:02:06.470Z] [ERROR] [Extension Host] Unhandled Rejection | Data: {"reason":{"name":"Canceled"},"promise":{}}
[2026-06-11T22:02:06.472Z] [ERROR] [CLI 3508] Unhandled Rejection | Data: {"reason":{"name":"Canceled"},"promise":{}}
[2026-06-11T22:02:06.473Z] [ERROR] [Extension Host] Unhandled Rejection | Data: {"reason":{"name":"Canceled"},"promise":{}}
[2026-06-11T22:02:06.476Z] [ERROR] [CLI 3508] Unhandled Rejection | Data: {"reason":{"name":"Canceled"},"promise":{}}
[2026-06-11T22:02:06.478Z] [ERROR] [Extension Host] Unhandled Rejection | Data: {"reason":{"name":"Canceled"},"promise":{}}
[2026-06-11T22:02:06.480Z] [ERROR] [CLI 3508] Unhandled Rejection | Data: {"reason":{"name":"Canceled"},"promise":{}}
[2026-06-11T22:02:06.482Z] [ERROR] [Extension Host] Unhandled Rejection | Data: {"reason":{"name":"Canceled"},"promise":{}}
[2026-06-11T22:02:06.564Z] [ERROR] [CLI 3508] Unhandled Rejection | Data: {"reason":{},"promise":{}}
[2026-06-11T22:02:06.566Z] [ERROR] [Extension Host] Unhandled Rejection | Data: {"reason":{},"promise":{}}
[2026-06-11T22:02:06.586Z] [ERROR] [CLI 3508] Unhandled Rejection | Data: {"reason":{"name":"Canceled"},"promise":{}}
[2026-06-11T22:02:06.587Z] [ERROR] [Extension Host] Unhandled Rejection | Data: {"reason":{"name":"Canceled"},"promise":{}}
[2026-06-11T22:02:06.602Z] [ERROR] [CLI 3508] Uncaught Exception | Data: {"message":"Channel has been closed","stack":"Error: Channel has been closed\n\tat r (file:///c:/Users/Honor/AppData/Local/Programs/Microsoft%20VS%20Code/1b50d58d73/resources/app/out/vs/workbench/api/node/extensionHostProcess.js:541:3935)\n\tat Object.info (file:///c:/Users/Honor/AppData/Local/Programs/Microsoft%20VS%20Code/1b50d58d73/resources/app/out/vs/workbench/api/node/extensionHostProcess.js:541:4305)\n\tat QT.info (c:\\Users\\Honor\\AppData\\Local\\Programs\\Microsoft VS Code\\1b50d58d73\\resources\\app\\extensions\\json-language-features\\client\\dist\\node\\jsonClientMain.js:14:709)\n\tat ChildProcess.<anonymous> (c:\\Users\\Honor\\AppData\\Local\\Programs\\Microsoft VS Code\\1b50d58d73\\resources\\app\\extensions\\json-language-features\\client\\dist\\node\\jsonClientMain.js:19:48759)\n\tat ChildProcess.emit (node:events:509:28)\n\tat ChildProcess._handle.onexit (node:internal/child_process:295:12)\n\tat Process.callbackTrampoline (node:internal/async_hooks:130:17)"}
[2026-06-11T22:02:06.603Z] [ERROR] [Extension Host] Uncaught Exception | Data: {"message":"Channel has been closed","stack":"Error: Channel has been closed\n\tat r (file:///c:/Users/Honor/AppData/Local/Programs/Microsoft%20VS%20Code/1b50d58d73/resources/app/out/vs/workbench/api/node/extensionHostProcess.js:541:3935)\n\tat Object.info (file:///c:/Users/Honor/AppData/Local/Programs/Microsoft%20VS%20Code/1b50d58d73/resources/app/out/vs/workbench/api/node/extensionHostProcess.js:541:4305)\n\tat QT.info (c:\\Users\\Honor\\AppData\\Local\\Programs\\Microsoft VS Code\\1b50d58d73\\resources\\app\\extensions\\json-language-features\\client\\dist\\node\\jsonClientMain.js:14:709)\n\tat ChildProcess.<anonymous> (c:\\Users\\Honor\\AppData\\Local\\Programs\\Microsoft VS Code\\1b50d58d73\\resources\\app\\extensions\\json-language-features\\client\\dist\\node\\jsonClientMain.js:19:48759)\n\tat ChildProcess.emit (node:events:509:28)\n\tat ChildProcess._handle.onexit (node:internal/child_process:295:12)\n\tat Process.callbackTrampoline (node:internal/async_hooks:130:17)"}
[2026-06-11T22:02:06.865Z] [ERROR] [CLI 3508] Unhandled Rejection | Data: {"reason":{"name":"Canceled"},"promise":{}}
[2026-06-11T22:02:06.866Z] [ERROR] [Extension Host] Unhandled Rejection | Data: {"reason":{"name":"Canceled"},"promise":{}}
[2026-06-11T22:02:06.868Z] [ERROR] [CLI 3508] Unhandled Rejection | Data: {"reason":{"name":"Canceled"},"promise":{}}
[2026-06-11T22:02:06.869Z] [ERROR] [Extension Host] Unhandled Rejection | Data: {"reason":{"name":"Canceled"},"promise":{}}
[2026-06-11T22:02:06.872Z] [ERROR] [CLI 3508] Unhandled Rejection | Data: {"reason":{"name":"Canceled"},"promise":{}}
[2026-06-11T22:02:06.875Z] [ERROR] [Extension Host] Unhandled Rejection | Data: {"reason":{"name":"Canceled"},"promise":{}}
[2026-06-11T22:02:06.880Z] [ERROR] [CLI 3508] Uncaught Exception | Data: {"message":"Channel has been closed","stack":"Error: Channel has been closed\n\tat r (file:///c:/Users/Honor/AppData/Local/Programs/Microsoft%20VS%20Code/1b50d58d73/resources/app/out/vs/workbench/api/node/extensionHostProcess.js:541:3935)\n\tat Object.info (file:///c:/Users/Honor/AppData/Local/Programs/Microsoft%20VS%20Code/1b50d58d73/resources/app/out/vs/workbench/api/node/extensionHostProcess.js:541:4305)\n\tat aS.info (c:\\Users\\Honor\\.vscode\\extensions\\ms-python.vscode-pylance-2026.2.1\\dist\\vendor.bundle.js:35:1054)\n\tat ChildProcess.<anonymous> (c:\\Users\\Honor\\.vscode\\extensions\\ms-python.vscode-pylance-2026.2.1\\dist\\vendor.bundle.js:40:98130)\n\tat ChildProcess.emit (node:events:509:28)\n\tat ChildProcess._handle.onexit (node:internal/child_process:295:12)\n\tat Process.callbackTrampoline (node:internal/async_hooks:130:17)"}
[2026-06-11T22:02:06.881Z] [ERROR] [Extension Host] Uncaught Exception | Data: {"message":"Channel has been closed","stack":"Error: Channel has been closed\n\tat r (file:///c:/Users/Honor/AppData/Local/Programs/Microsoft%20VS%20Code/1b50d58d73/resources/app/out/vs/workbench/api/node/extensionHostProcess.js:541:3935)\n\tat Object.info (file:///c:/Users/Honor/AppData/Local/Programs/Microsoft%20VS%20Code/1b50d58d73/resources/app/out/vs/workbench/api/node/extensionHostProcess.js:541:4305)\n\tat aS.info (c:\\Users\\Honor\\.vscode\\extensions\\ms-python.vscode-pylance-2026.2.1\\dist\\vendor.bundle.js:35:1054)\n\tat ChildProcess.<anonymous> (c:\\Users\\Honor\\.vscode\\extensions\\ms-python.vscode-pylance-2026.2.1\\dist\\vendor.bundle.js:40:98130)\n\tat ChildProcess.emit (node:events:509:28)\n\tat ChildProcess._handle.onexit (node:internal/child_process:295:12)\n\tat Process.callbackTrampoline (node:internal/async_hooks:130:17)"}
[2026-06-11T22:02:07.089Z] [ERROR] [CLI 3508] Unhandled Rejection | Data: {"reason":{"code":"ERR_STREAM_WRITE_AFTER_END"},"promise":{}}
[2026-06-11T22:02:07.090Z] [ERROR] [Extension Host] Unhandled Rejection | Data: {"reason":{"code":"ERR_STREAM_WRITE_AFTER_END"},"promise":{}}
[2026-06-11T22:02:44.426Z] [INFO] Logger initialized | Data: {"path":"c:\\Users\\Honor\\ecommerce_dashboard\\logs\\debug.log","reinit":true}
[2026-06-11T22:02:44.427Z] [INFO] IGCSE Pseudocode extension activation started | Data: {"isWeb":false,"contextPath":"c:\\Users\\Honor\\.vscode\\extensions\\igcse0478a-level9618toolkit.igcse-0478-and-a-level-9618-toolkit-2.0.2","workspaceRoot":"c:\\Users\\Honor\\ecommerce_dashboard","openTerminals":[{"name":"powershell","state":{"isInteractedWith":true,"shell":"pwsh"}},{"name":"powershell","state":{"isInteractedWith":true,"shell":"pwsh"}}]}
[2026-06-11T22:02:44.976Z] [DEBUG] [LicenseManager] No stored credentials but user previously skipped — not auto-opening
[2026-06-11T22:02:48.507Z] [INFO] IGCSE Pseudocode extension activation completed
[2026-06-12T22:02:46.734Z] [WARN] [LicenseManager] Verification aborted: No install_id
[2026-06-13T22:02:41.893Z] [WARN] [LicenseManager] Verification aborted: No install_id
